#
# There is insufficient memory for the Java Runtime Environment to continue.
# Native memory allocation (malloc) failed to allocate 32744 bytes for ChunkPool::allocate
# Possible reasons:
#   The system is out of physical RAM or swap space
#   In 32 bit mode, the process size limit was hit
# Possible solutions:
#   Reduce memory load on the system
#   Increase physical memory or swap space
#   Check if swap backing store is full
#   Use 64 bit Java on a 64 bit OS
#   Decrease Java heap size (-Xmx/-Xms)
#   Decrease number of Java threads
#   Decrease Java thread stack sizes (-Xss)
#   Set larger code cache with -XX:ReservedCodeCacheSize=
# This output file may be truncated or incomplete.
#
#  Out of Memory Error (allocation.cpp:273), pid=7608, tid=0x0000000000005e70
#
# JRE version: Java(TM) SE Runtime Environment (8.0_101-b13) (build 1.8.0_101-b13)
# Java VM: Java HotSpot(TM) 64-Bit Server VM (25.101-b13 mixed mode windows-amd64 compressed oops)
# Failed to write core dump. Minidumps are not enabled by default on client versions of Windows
#

---------------  T H R E A D  ---------------

Current thread (0x0000000018b03800):  JavaThread "C2 CompilerThread1" daemon [_thread_in_native, id=24176, stack(0x00000000193c0000,0x00000000194c0000)]

Stack: [0x00000000193c0000,0x00000000194c0000]
[error occurred during error reporting (printing stack bounds), id 0xc0000005]

Native frames: (J=compiled Java code, j=interpreted, Vv=VM code, C=native code)


Current CompileTask:
C2:9513717 22715       4       sun.reflect.generics.parser.SignatureParser::parseFieldTypeSignature (73 bytes)


---------------  P R O C E S S  ---------------

Java Threads: ( => current thread )
  0x000000001ab88800 JavaThread "Cache update executor" [_thread_blocked, id=1580, stack(0x0000000030e10000,0x0000000030f10000)]
  0x000000002071e000 JavaThread "Stdin handler" [_thread_blocked, id=16612, stack(0x0000000030d10000,0x0000000030e10000)]
  0x000000002071d000 JavaThread "Asynchronous log dispatcher for DefaultDaemonConnection: socket connection from /127.0.0.1:6775 to /127.0.0.1:24450" [_thread_blocked, id=22156, stack(0x0000000030c10000,0x0000000030d10000)]
  0x000000002071b000 JavaThread "Cancel handler" [_thread_blocked, id=21500, stack(0x0000000030b10000,0x0000000030c10000)]
  0x000000002071c800 JavaThread "Handler for socket connection from /127.0.0.1:6775 to /127.0.0.1:24450" [_thread_in_native, id=21568, stack(0x0000000030a10000,0x0000000030b10000)]
  0x000000001ab8a000 JavaThread "Daemon worker Thread 8" [_thread_in_native, id=16204, stack(0x000000002fe10000,0x000000002ff10000)]
  0x000000001ab86000 JavaThread "Daemon Thread 8" [_thread_blocked, id=20888, stack(0x000000002fb10000,0x000000002fc10000)]
  0x000000001ab85800 JavaThread "pool-6-thread-4" [_thread_blocked, id=16640, stack(0x000000002b510000,0x000000002b610000)]
  0x000000001ab8c000 JavaThread "pool-6-thread-3" [_thread_blocked, id=16108, stack(0x000000002a510000,0x000000002a610000)]
  0x000000001ab90800 JavaThread "pool-6-thread-2" [_thread_blocked, id=22744, stack(0x0000000028540000,0x0000000028640000)]
  0x000000001ab81800 JavaThread "pool-6-thread-1" [_thread_blocked, id=22516, stack(0x0000000025870000,0x0000000025970000)]
  0x0000000020719800 JavaThread "pool-2-thread-1" [_thread_blocked, id=19852, stack(0x0000000022850000,0x0000000022950000)]
  0x000000002071b800 JavaThread "File lock request listener" [_thread_in_native, id=24448, stack(0x0000000020010000,0x0000000020110000)]
  0x000000001a69a000 JavaThread "Incoming local TCP Connector on port 6775" [_thread_in_native, id=24060, stack(0x000000001c7d0000,0x000000001c8d0000)]
  0x000000001ad8b800 JavaThread "pool-1-thread-1" [_thread_blocked, id=11476, stack(0x000000001b0a0000,0x000000001b1a0000)]
  0x0000000018b9e000 JavaThread "Service Thread" daemon [_thread_blocked, id=7744, stack(0x00000000196c0000,0x00000000197c0000)]
  0x0000000018b08800 JavaThread "C1 CompilerThread3" daemon [_thread_blocked, id=9572, stack(0x00000000195c0000,0x00000000196c0000)]
  0x0000000018b05800 JavaThread "C2 CompilerThread2" daemon [_thread_in_native, id=9528, stack(0x00000000194c0000,0x00000000195c0000)]
=>0x0000000018b03800 JavaThread "C2 CompilerThread1" daemon [_thread_in_native, id=24176, stack(0x00000000193c0000,0x00000000194c0000)]
  0x0000000018afb000 JavaThread "C2 CompilerThread0" daemon [_thread_in_native, id=16308, stack(0x00000000192c0000,0x00000000193c0000)]
  0x0000000018afa000 JavaThread "Attach Listener" daemon [_thread_blocked, id=4508, stack(0x00000000191c0000,0x00000000192c0000)]
  0x0000000018af7000 JavaThread "Signal Dispatcher" daemon [_thread_blocked, id=8628, stack(0x00000000190c0000,0x00000000191c0000)]
  0x0000000018af1800 JavaThread "Finalizer" daemon [_thread_blocked, id=10668, stack(0x0000000018ed0000,0x0000000018fd0000)]
  0x0000000016bfd800 JavaThread "Reference Handler" daemon [_thread_blocked, id=12436, stack(0x00000000189d0000,0x0000000018ad0000)]
  0x0000000000bfe800 JavaThread "main" [_thread_blocked, id=21768, stack(0x00000000017c0000,0x00000000018c0000)]

Other Threads:
  0x0000000016bf8800 VMThread [stack: 0x00000000188d0000,0x00000000189d0000] [id=15776]
  0x0000000018bca000 WatcherThread [stack: 0x00000000197c0000,0x00000000198c0000] [id=22632]

VM state:not at safepoint (normal execution)

VM Mutex/Monitor currently owned by a thread: None

Heap:
 PSYoungGen      total 379904K, used 300769K [0x00000000e0000000, 0x0000000100000000, 0x0000000100000000)
  eden space 249856K, 68% used [0x00000000e0000000,0x00000000ea6c2438,0x00000000ef400000)
  from space 130048K, 99% used [0x00000000ef400000,0x00000000f72f6300,0x00000000f7300000)
  to   space 144384K, 0% used [0x00000000f7300000,0x00000000f7300000,0x0000000100000000)
 ParOldGen       total 248832K, used 207707K [0x00000000a0000000, 0x00000000af300000, 0x00000000e0000000)
  object space 248832K, 83% used [0x00000000a0000000,0x00000000acad6d38,0x00000000af300000)
 Metaspace       used 76561K, capacity 80820K, committed 80984K, reserved 1120256K
  class space    used 9486K, capacity 10093K, committed 10112K, reserved 1048576K

Card table byte_map: [0x0000000012400000,0x0000000012710000] byte_map_base: 0x0000000011f00000

Marking Bits: (ParMarkBitMap*) 0x000000007734a6d0
 Begin Bits: [0x0000000012f10000, 0x0000000014710000)
 End Bits:   [0x0000000014710000, 0x0000000015f10000)

Polling page: 0x00000000013f0000

CodeCache: size=245760Kb used=68038Kb max_used=68044Kb free=177721Kb
 bounds [0x0000000003400000, 0x00000000076f0000, 0x0000000012400000]
 total_blobs=17920 nmethods=17131 adapters=700
 compilation: enabled

Compilation events (10 events):
Event: 9512.795 Thread 0x0000000018b08800 22726       2       org.gradle.internal.logging.text.AbstractLineChoppingStyledTextOutput::doAppend (201 bytes)
Event: 9512.796 Thread 0x0000000018b08800 nmethod 22726 0x0000000003b328d0 code [0x0000000003b32ac0, 0x0000000003b33058]
Event: 9512.888 Thread 0x0000000018b08800 22727       3       com.google.common.base.Strings::nullToEmpty (11 bytes)
Event: 9512.888 Thread 0x0000000018b08800 nmethod 22727 0x0000000004108f10 code [0x0000000004109060, 0x00000000041091f0]
Event: 9512.896 Thread 0x0000000018b08800 22729       3       java.lang.RuntimeException::<init> (6 bytes)
Event: 9512.896 Thread 0x0000000018b08800 nmethod 22729 0x0000000004108ad0 code [0x0000000004108c40, 0x0000000004108e28]
Event: 9512.898 Thread 0x0000000018b08800 22730       1       com.android.build.gradle.tasks.MergeResources$ConfigAction::access$100 (5 bytes)
Event: 9512.899 Thread 0x0000000018b08800 nmethod 22730 0x0000000003b32610 code [0x0000000003b32760, 0x0000000003b32850]
Event: 9512.920 Thread 0x0000000018b08800 22731       2       org.gradle.api.internal.changedetection.state.AbstractFileCollectionSnapshotter::snapshot (253 bytes)
Event: 9512.922 Thread 0x0000000018b08800 nmethod 22731 0x0000000005eb1d50 code [0x0000000005eb1fc0, 0x0000000005eb29e8]

GC Heap History (10 events):
Event: 9310.465 GC heap before
{Heap before GC invocations=30 (full 3):
 PSYoungGen      total 399872K, used 378754K [0x00000000e0000000, 0x00000000fea00000, 0x0000000100000000)
  eden space 313344K, 100% used [0x00000000e0000000,0x00000000f3200000,0x00000000f3200000)
  from space 86528K, 75% used [0x00000000f9080000,0x00000000fd060a30,0x00000000fe500000)
  to   space 94208K, 0% used [0x00000000f3200000,0x00000000f3200000,0x00000000f8e00000)
 ParOldGen       total 248832K, used 196746K [0x00000000a0000000, 0x00000000af300000, 0x00000000e0000000)
  object space 248832K, 79% used [0x00000000a0000000,0x00000000ac022a58,0x00000000af300000)
 Metaspace       used 74774K, capacity 78830K, committed 79064K, reserved 1118208K
  class space    used 9313K, capacity 9928K, committed 9984K, reserved 1048576K
Event: 9310.528 GC heap after
Heap after GC invocations=30 (full 3):
 PSYoungGen      total 397312K, used 94184K [0x00000000e0000000, 0x0000000100000000, 0x0000000100000000)
  eden space 303104K, 0% used [0x00000000e0000000,0x00000000e0000000,0x00000000f2800000)
  from space 94208K, 99% used [0x00000000f3200000,0x00000000f8dfa1c0,0x00000000f8e00000)
  to   space 112128K, 0% used [0x00000000f9280000,0x00000000f9280000,0x0000000100000000)
 ParOldGen       total 248832K, used 201357K [0x00000000a0000000, 0x00000000af300000, 0x00000000e0000000)
  object space 248832K, 80% used [0x00000000a0000000,0x00000000ac4a34a0,0x00000000af300000)
 Metaspace       used 74774K, capacity 78830K, committed 79064K, reserved 1118208K
  class space    used 9313K, capacity 9928K, committed 9984K, reserved 1048576K
}
Event: 9315.424 GC heap before
{Heap before GC invocations=31 (full 3):
 PSYoungGen      total 397312K, used 397288K [0x00000000e0000000, 0x0000000100000000, 0x0000000100000000)
  eden space 303104K, 100% used [0x00000000e0000000,0x00000000f2800000,0x00000000f2800000)
  from space 94208K, 99% used [0x00000000f3200000,0x00000000f8dfa1c0,0x00000000f8e00000)
  to   space 112128K, 0% used [0x00000000f9280000,0x00000000f9280000,0x0000000100000000)
 ParOldGen       total 248832K, used 201357K [0x00000000a0000000, 0x00000000af300000, 0x00000000e0000000)
  object space 248832K, 80% used [0x00000000a0000000,0x00000000ac4a34a0,0x00000000af300000)
 Metaspace       used 75346K, capacity 79380K, committed 79576K, reserved 1118208K
  class space    used 9365K, capacity 9961K, committed 9984K, reserved 1048576K
Event: 9315.483 GC heap after
Heap after GC invocations=31 (full 3):
 PSYoungGen      total 404992K, used 69140K [0x00000000e0000000, 0x0000000100000000, 0x0000000100000000)
  eden space 292864K, 0% used [0x00000000e0000000,0x00000000e0000000,0x00000000f1e00000)
  from space 112128K, 61% used [0x00000000f9280000,0x00000000fd605230,0x0000000100000000)
  to   space 115712K, 0% used [0x00000000f1e00000,0x00000000f1e00000,0x00000000f8f00000)
 ParOldGen       total 248832K, used 201679K [0x00000000a0000000, 0x00000000af300000, 0x00000000e0000000)
  object space 248832K, 81% used [0x00000000a0000000,0x00000000ac4f3c48,0x00000000af300000)
 Metaspace       used 75346K, capacity 79380K, committed 79576K, reserved 1118208K
  class space    used 9365K, capacity 9961K, committed 9984K, reserved 1048576K
}
Event: 9473.934 GC heap before
{Heap before GC invocations=32 (full 3):
 PSYoungGen      total 404992K, used 362004K [0x00000000e0000000, 0x0000000100000000, 0x0000000100000000)
  eden space 292864K, 100% used [0x00000000e0000000,0x00000000f1e00000,0x00000000f1e00000)
  from space 112128K, 61% used [0x00000000f9280000,0x00000000fd605230,0x0000000100000000)
  to   space 115712K, 0% used [0x00000000f1e00000,0x00000000f1e00000,0x00000000f8f00000)
 ParOldGen       total 248832K, used 201679K [0x00000000a0000000, 0x00000000af300000, 0x00000000e0000000)
  object space 248832K, 81% used [0x00000000a0000000,0x00000000ac4f3c48,0x00000000af300000)
 Metaspace       used 75477K, capacity 79630K, committed 79832K, reserved 1120256K
  class space    used 9382K, capacity 9978K, committed 9984K, reserved 1048576K
Event: 9473.962 GC heap after
Heap after GC invocations=32 (full 3):
 PSYoungGen      total 346624K, used 62905K [0x00000000e0000000, 0x00000000ff800000, 0x0000000100000000)
  eden space 283648K, 0% used [0x00000000e0000000,0x00000000e0000000,0x00000000f1500000)
  from space 62976K, 99% used [0x00000000f1e00000,0x00000000f5b6e768,0x00000000f5b80000)
  to   space 116224K, 0% used [0x00000000f8680000,0x00000000f8680000,0x00000000ff800000)
 ParOldGen       total 248832K, used 201687K [0x00000000a0000000, 0x00000000af300000, 0x00000000e0000000)
  object space 248832K, 81% used [0x00000000a0000000,0x00000000ac4f5c48,0x00000000af300000)
 Metaspace       used 75477K, capacity 79630K, committed 79832K, reserved 1120256K
  class space    used 9382K, capacity 9978K, committed 9984K, reserved 1048576K
}
Event: 9476.017 GC heap before
{Heap before GC invocations=33 (full 3):
 PSYoungGen      total 346624K, used 346553K [0x00000000e0000000, 0x00000000ff800000, 0x0000000100000000)
  eden space 283648K, 100% used [0x00000000e0000000,0x00000000f1500000,0x00000000f1500000)
  from space 62976K, 99% used [0x00000000f1e00000,0x00000000f5b6e768,0x00000000f5b80000)
  to   space 116224K, 0% used [0x00000000f8680000,0x00000000f8680000,0x00000000ff800000)
 ParOldGen       total 248832K, used 201687K [0x00000000a0000000, 0x00000000af300000, 0x00000000e0000000)
  object space 248832K, 81% used [0x00000000a0000000,0x00000000ac4f5c48,0x00000000af300000)
 Metaspace       used 76454K, capacity 80716K, committed 80984K, reserved 1120256K
  class space    used 9476K, capacity 10083K, committed 10112K, reserved 1048576K
Event: 9476.100 GC heap after
Heap after GC invocations=33 (full 3):
 PSYoungGen      total 366080K, used 116216K [0x00000000e0000000, 0x0000000100000000, 0x0000000100000000)
  eden space 249856K, 0% used [0x00000000e0000000,0x00000000e0000000,0x00000000ef400000)
  from space 116224K, 99% used [0x00000000f8680000,0x00000000ff7fe0b0,0x00000000ff800000)
  to   space 137216K, 0% used [0x00000000ef400000,0x00000000ef400000,0x00000000f7a00000)
 ParOldGen       total 248832K, used 207143K [0x00000000a0000000, 0x00000000af300000, 0x00000000e0000000)
  object space 248832K, 83% used [0x00000000a0000000,0x00000000aca49d28,0x00000000af300000)
 Metaspace       used 76454K, capacity 80716K, committed 80984K, reserved 1120256K
  class space    used 9476K, capacity 10083K, committed 10112K, reserved 1048576K
}
Event: 9480.033 GC heap before
{Heap before GC invocations=34 (full 3):
 PSYoungGen      total 366080K, used 365953K [0x00000000e0000000, 0x0000000100000000, 0x0000000100000000)
  eden space 249856K, 99% used [0x00000000e0000000,0x00000000ef3e25e8,0x00000000ef400000)
  from space 116224K, 99% used [0x00000000f8680000,0x00000000ff7fe0b0,0x00000000ff800000)
  to   space 137216K, 0% used [0x00000000ef400000,0x00000000ef400000,0x00000000f7a00000)
 ParOldGen       total 248832K, used 207143K [0x00000000a0000000, 0x00000000af300000, 0x00000000e0000000)
  object space 248832K, 83% used [0x00000000a0000000,0x00000000aca49d28,0x00000000af300000)
 Metaspace       used 76489K, capacity 80720K, committed 80984K, reserved 1120256K
  class space    used 9476K, capacity 10083K, committed 10112K, reserved 1048576K
Event: 9480.095 GC heap after
Heap after GC invocations=34 (full 3):
 PSYoungGen      total 379904K, used 130008K [0x00000000e0000000, 0x0000000100000000, 0x0000000100000000)
  eden space 249856K, 0% used [0x00000000e0000000,0x00000000e0000000,0x00000000ef400000)
  from space 130048K, 99% used [0x00000000ef400000,0x00000000f72f6300,0x00000000f7300000)
  to   space 144384K, 0% used [0x00000000f7300000,0x00000000f7300000,0x0000000100000000)
 ParOldGen       total 248832K, used 207707K [0x00000000a0000000, 0x00000000af300000, 0x00000000e0000000)
  object space 248832K, 83% used [0x00000000a0000000,0x00000000acad6d38,0x00000000af300000)
 Metaspace       used 76489K, capacity 80720K, committed 80984K, reserved 1120256K
  class space    used 9476K, capacity 10083K, committed 10112K, reserved 1048576K
}

Deoptimization events (10 events):
Event: 9314.940 Thread 0x000000002071d000 Uncommon trap: reason=bimorphic action=maybe_recompile pc=0x0000000006b8cef8 method=com.android.dx.ssa.SCCP.simulatePhi(Lcom/android/dx/ssa/PhiInsn;)V @ 124
Event: 9315.002 Thread 0x000000002071b000 Uncommon trap: reason=bimorphic action=maybe_recompile pc=0x0000000006b8cef8 method=com.android.dx.ssa.SCCP.simulatePhi(Lcom/android/dx/ssa/PhiInsn;)V @ 124
Event: 9351.254 Thread 0x000000001ab86000 Uncommon trap: reason=class_check action=maybe_recompile pc=0x0000000005c43dc8 method=sun.nio.cs.ThreadLocalCoders$1.hasName(Ljava/lang/Object;Ljava/lang/Object;)Z @ 8
Event: 9475.421 Thread 0x000000001ab8a000 Uncommon trap: reason=class_check action=maybe_recompile pc=0x00000000070aba70 method=com.squareup.javapoet.CodeBlock$Builder.argToType(Ljava/lang/Object;)Lcom/squareup/javapoet/TypeName; @ 8
Event: 9475.421 Thread 0x000000001ab8a000 Uncommon trap: reason=class_check action=maybe_recompile pc=0x00000000070aba70 method=com.squareup.javapoet.CodeBlock$Builder.argToType(Ljava/lang/Object;)Lcom/squareup/javapoet/TypeName; @ 8
Event: 9475.433 Thread 0x000000001ab8a000 Uncommon trap: reason=class_check action=maybe_recompile pc=0x00000000070aba70 method=com.squareup.javapoet.CodeBlock$Builder.argToType(Ljava/lang/Object;)Lcom/squareup/javapoet/TypeName; @ 8
Event: 9475.434 Thread 0x000000001ab8a000 Uncommon trap: reason=class_check action=maybe_recompile pc=0x00000000070aba70 method=com.squareup.javapoet.CodeBlock$Builder.argToType(Ljava/lang/Object;)Lcom/squareup/javapoet/TypeName; @ 8
Event: 9475.492 Thread 0x000000001ab8a000 Uncommon trap: reason=unstable_if action=reinterpret pc=0x000000000742a948 method=com.squareup.javapoet.CodeBlock$Builder.isNoArgPlaceholder(C)Z @ 21
Event: 9511.777 Thread 0x000000001ab8a000 Uncommon trap: reason=class_check action=maybe_recompile pc=0x0000000005ca1804 method=sun.nio.cs.ThreadLocalCoders$1.hasName(Ljava/lang/Object;Ljava/lang/Object;)Z @ 8
Event: 9512.791 Thread 0x000000002071d000 Uncommon trap: reason=unstable_if action=reinterpret pc=0x00000000038df450 method=java.util.concurrent.locks.ReentrantLock$Sync.nonfairTryAcquire(I)Z @ 19

Internal exceptions (10 events):
Event: 9512.282 Thread 0x000000001ab8a000 Exception <a 'sun/nio/fs/WindowsException'> (0x00000000e7cbbbc0) thrown at [C:\re\workspace\8-2-build-windows-amd64-cygwin\jdk8u101\7261\hotspot\src\share\vm\prims\jni.cpp, line 709]
Event: 9512.282 Thread 0x000000001ab8a000 Exception <a 'sun/nio/fs/WindowsException'> (0x00000000e7cbc7e0) thrown at [C:\re\workspace\8-2-build-windows-amd64-cygwin\jdk8u101\7261\hotspot\src\share\vm\prims\jni.cpp, line 709]
Event: 9512.282 Thread 0x000000001ab8a000 Exception <a 'sun/nio/fs/WindowsException'> (0x00000000e7cbf170) thrown at [C:\re\workspace\8-2-build-windows-amd64-cygwin\jdk8u101\7261\hotspot\src\share\vm\prims\jni.cpp, line 709]
Event: 9512.282 Thread 0x000000001ab8a000 Exception <a 'sun/nio/fs/WindowsException'> (0x00000000e7cbfdc8) thrown at [C:\re\workspace\8-2-build-windows-amd64-cygwin\jdk8u101\7261\hotspot\src\share\vm\prims\jni.cpp, line 709]
Event: 9512.282 Thread 0x000000001ab8a000 Exception <a 'sun/nio/fs/WindowsException'> (0x00000000e7cc1a58) thrown at [C:\re\workspace\8-2-build-windows-amd64-cygwin\jdk8u101\7261\hotspot\src\share\vm\prims\jni.cpp, line 709]
Event: 9512.282 Thread 0x000000001ab8a000 Exception <a 'sun/nio/fs/WindowsException'> (0x00000000e7cc26f0) thrown at [C:\re\workspace\8-2-build-windows-amd64-cygwin\jdk8u101\7261\hotspot\src\share\vm\prims\jni.cpp, line 709]
Event: 9512.288 Thread 0x000000001ab8a000 Exception <a 'sun/nio/fs/WindowsException'> (0x00000000e7cc5890) thrown at [C:\re\workspace\8-2-build-windows-amd64-cygwin\jdk8u101\7261\hotspot\src\share\vm\prims\jni.cpp, line 709]
Event: 9512.288 Thread 0x000000001ab8a000 Exception <a 'sun/nio/fs/WindowsException'> (0x00000000e7cc63a8) thrown at [C:\re\workspace\8-2-build-windows-amd64-cygwin\jdk8u101\7261\hotspot\src\share\vm\prims\jni.cpp, line 709]
Event: 9512.288 Thread 0x000000001ab8a000 Exception <a 'sun/nio/fs/WindowsException'> (0x00000000e7cc7ef8) thrown at [C:\re\workspace\8-2-build-windows-amd64-cygwin\jdk8u101\7261\hotspot\src\share\vm\prims\jni.cpp, line 709]
Event: 9512.288 Thread 0x000000001ab8a000 Exception <a 'sun/nio/fs/WindowsException'> (0x00000000e7cc8a50) thrown at [C:\re\workspace\8-2-build-windows-amd64-cygwin\jdk8u101\7261\hotspot\src\share\vm\prims\jni.cpp, line 709]

Events (10 events):
Event: 9512.134 Thread 0x0000000018b05800 flushing nmethod 0x0000000005106250
Event: 9512.136 Thread 0x0000000018b05800 flushing nmethod 0x00000000054160d0
Event: 9512.316 Thread 0x0000000018b05800 flushing nmethod 0x0000000005d94f10
Event: 9512.317 Thread 0x0000000018b05800 flushing nmethod 0x0000000005e99090
Event: 9512.317 Thread 0x0000000018b05800 flushing nmethod 0x0000000005efa510
Event: 9512.344 Thread 0x0000000018b08800 flushing nmethod 0x0000000007224e10
Event: 9512.766 Thread 0x000000001ab88800 Thread added: 0x000000001ab88800
Event: 9512.791 Thread 0x000000002071d000 Uncommon trap: trap_request=0xffffff65 fr.pc=0x00000000038df450
Event: 9512.791 Thread 0x000000002071d000 DEOPT PACKING pc=0x00000000038df450 sp=0x0000000030d0f0d0
Event: 9512.791 Thread 0x000000002071d000 DEOPT UNPACKING pc=0x000000000344582a sp=0x0000000030d0ef40 mode 2


Dynamic libraries:
0x00007ff6b24e0000 - 0x00007ff6b2517000 	C:\Program Files\Java\jdk1.8.0_101\bin\java.exe
0x00007ffe413b0000 - 0x00007ffe4158b000 	C:\WINDOWS\SYSTEM32\ntdll.dll
0x00007ffe3ebc0000 - 0x00007ffe3ec6e000 	C:\WINDOWS\System32\KERNEL32.DLL
0x00007ffe3e310000 - 0x00007ffe3e559000 	C:\WINDOWS\System32\KERNELBASE.dll
0x00007ffe3f5f0000 - 0x00007ffe3f691000 	C:\WINDOWS\System32\ADVAPI32.dll
0x00007ffe3fd50000 - 0x00007ffe3fded000 	C:\WINDOWS\System32\msvcrt.dll
0x00007ffe3eda0000 - 0x00007ffe3edf9000 	C:\WINDOWS\System32\sechost.dll
0x00007ffe3ec70000 - 0x00007ffe3ed95000 	C:\WINDOWS\System32\RPCRT4.dll
0x00007ffe3f810000 - 0x00007ffe3f95a000 	C:\WINDOWS\System32\USER32.dll
0x00007ffe3e560000 - 0x00007ffe3e57e000 	C:\WINDOWS\System32\win32u.dll
0x00007ffe3fd20000 - 0x00007ffe3fd47000 	C:\WINDOWS\System32\GDI32.dll
0x00007ffe3d8d0000 - 0x00007ffe3da57000 	C:\WINDOWS\System32\gdi32full.dll
0x00007ffe3e210000 - 0x00007ffe3e2aa000 	C:\WINDOWS\System32\msvcp_win.dll
0x00007ffe3e5d0000 - 0x00007ffe3e6c6000 	C:\WINDOWS\System32\ucrtbase.dll
0x00007ffe322b0000 - 0x00007ffe32517000 	C:\WINDOWS\WinSxS\amd64_microsoft.windows.common-controls_6595b64144ccf1df_6.0.15063.483_none_26002d27e7c744a2\COMCTL32.dll
0x00007ffe3f960000 - 0x00007ffe3fc59000 	C:\WINDOWS\System32\combase.dll
0x00007ffe3e8a0000 - 0x00007ffe3e90a000 	C:\WINDOWS\System32\bcryptPrimitives.dll
0x00007ffe3eab0000 - 0x00007ffe3eadd000 	C:\WINDOWS\System32\IMM32.DLL
0x0000000050040000 - 0x0000000050112000 	C:\Program Files\Java\jdk1.8.0_101\jre\bin\msvcr100.dll
0x0000000076b30000 - 0x00000000773ca000 	C:\Program Files\Java\jdk1.8.0_101\jre\bin\server\jvm.dll
0x00007ffe3eeb0000 - 0x00007ffe3eeb8000 	C:\WINDOWS\System32\PSAPI.DLL
0x00007ffe279c0000 - 0x00007ffe279c9000 	C:\WINDOWS\SYSTEM32\WSOCK32.dll
0x00007ffe39c50000 - 0x00007ffe39c73000 	C:\WINDOWS\SYSTEM32\WINMM.dll
0x00007ffe34b00000 - 0x00007ffe34b0a000 	C:\WINDOWS\SYSTEM32\VERSION.dll
0x00007ffe3eb50000 - 0x00007ffe3ebbc000 	C:\WINDOWS\System32\WS2_32.dll
0x00007ffe39b10000 - 0x00007ffe39b3b000 	C:\WINDOWS\SYSTEM32\winmmbase.dll
0x00007ffe3e580000 - 0x00007ffe3e5c9000 	C:\WINDOWS\System32\cfgmgr32.dll
0x00000000503a0000 - 0x00000000503af000 	C:\Program Files\Java\jdk1.8.0_101\jre\bin\verify.dll
0x0000000076b00000 - 0x0000000076b29000 	C:\Program Files\Java\jdk1.8.0_101\jre\bin\java.dll
0x0000000050380000 - 0x0000000050396000 	C:\Program Files\Java\jdk1.8.0_101\jre\bin\zip.dll
0x00007ffe3fe50000 - 0x00007ffe41287000 	C:\WINDOWS\System32\SHELL32.dll
0x00007ffe3ee00000 - 0x00007ffe3eeaa000 	C:\WINDOWS\System32\shcore.dll
0x00007ffe3db10000 - 0x00007ffe3e201000 	C:\WINDOWS\System32\windows.storage.dll
0x00007ffe3eec0000 - 0x00007ffe3ef11000 	C:\WINDOWS\System32\shlwapi.dll
0x00007ffe3d870000 - 0x00007ffe3d881000 	C:\WINDOWS\System32\kernel.appcore.dll
0x00007ffe3d820000 - 0x00007ffe3d86c000 	C:\WINDOWS\System32\powrprof.dll
0x00007ffe3d890000 - 0x00007ffe3d8a5000 	C:\WINDOWS\System32\profapi.dll
0x00000000501e0000 - 0x00000000501fa000 	C:\Program Files\Java\jdk1.8.0_101\jre\bin\net.dll
0x00007ffe2ff90000 - 0x00007ffe2ffb0000 	C:\WINDOWS\system32\PrxerDrv.dll
0x00007ffe3d130000 - 0x00007ffe3d18c000 	C:\WINDOWS\system32\mswsock.dll
0x0000000076ae0000 - 0x0000000076af1000 	C:\Program Files\Java\jdk1.8.0_101\jre\bin\nio.dll
0x00007ffe1fe20000 - 0x00007ffe1fe3e000 	C:\Users\Hafid\.gradle\native\23\windows-amd64\native-platform.dll
0x00007ffe3d2d0000 - 0x00007ffe3d2e7000 	C:\WINDOWS\SYSTEM32\CRYPTSP.dll
0x00007ffe3cd50000 - 0x00007ffe3cd84000 	C:\WINDOWS\system32\rsaenh.dll
0x00007ffe3d3e0000 - 0x00007ffe3d405000 	C:\WINDOWS\SYSTEM32\bcrypt.dll
0x00007ffe3d720000 - 0x00007ffe3d749000 	C:\WINDOWS\SYSTEM32\USERENV.dll
0x00007ffe3d2f0000 - 0x00007ffe3d2fb000 	C:\WINDOWS\SYSTEM32\CRYPTBASE.dll
0x00007ffe3ced0000 - 0x00007ffe3cf07000 	C:\WINDOWS\SYSTEM32\IPHLPAPI.DLL
0x00007ffe41290000 - 0x00007ffe41298000 	C:\WINDOWS\System32\NSI.dll
0x00007ffe380d0000 - 0x00007ffe380e6000 	C:\WINDOWS\SYSTEM32\dhcpcsvc6.DLL
0x00007ffe38750000 - 0x00007ffe3876a000 	C:\WINDOWS\SYSTEM32\dhcpcsvc.DLL
0x0000000076890000 - 0x000000007689d000 	C:\Program Files\Java\jdk1.8.0_101\jre\bin\management.dll
0x0000000075ee0000 - 0x0000000075f04000 	C:\Program Files\Java\jdk1.8.0_101\jre\bin\sunec.dll
0x0000000075ed0000 - 0x0000000075edb000 	C:\Program Files\Java\jdk1.8.0_101\jre\bin\sunmscapi.dll
0x00007ffe3e6d0000 - 0x00007ffe3e899000 	C:\WINDOWS\System32\CRYPT32.dll
0x00007ffe3d8b0000 - 0x00007ffe3d8c1000 	C:\WINDOWS\System32\MSASN1.dll

VM Arguments:
jvm_args: -Xmx1536m -Dfile.encoding=windows-1252 -Duser.country=US -Duser.language=en -Duser.variant 
java_command: org.gradle.launcher.daemon.bootstrap.GradleDaemon 3.3
java_class_path (initial): C:\Users\Hafid\.gradle\wrapper\dists\gradle-3.3-all\55gk2rcmfc6p2dg9u9ohc3hw9\gradle-3.3\lib\gradle-launcher-3.3.jar
Launcher Type: SUN_STANDARD

Environment Variables:
JAVA_HOME=C:\Program Files\Java\jdk1.8.0_101\bin
PATH=C:\Program Files (x86)\Python36-32\Scripts\;C:\Program Files (x86)\Python36-32\;C:\Program Files (x86)\Common Files\Intel\Shared Libraries\redist\intel64_win\mpirt;C:\Program Files (x86)\Common Files\Intel\Shared Libraries\redist\ia32_win\mpirt;C:\Program Files (x86)\Common Files\Intel\Shared Libraries\redist\intel64_win\compiler;C:\Program Files (x86)\Common Files\Intel\Shared Libraries\redist\ia32_win\compiler;C:\ProgramData\Oracle\Java\javapath;C:\Program Files\NVIDIA GPU Computing Toolkit\CUDA\v7.5\bin;C:\Program Files\NVIDIA GPU Computing Toolkit\CUDA\v7.5\libnvvp;C:\WINDOWS\system32;C:\WINDOWS;C:\WINDOWS\System32\Wbem;C:\WINDOWS\System32\WindowsPowerShell\v1.0\;C:\Program Files (x86)\Windows Kits\10\Windows Performance Toolkit\;C:\Program Files\Microsoft SQL Server\120\Tools\Binn\;C:\Program Files (x86)\NVIDIA Corporation\PhysX\Common;C:\WINDOWS\system32;C:\WINDOWS;C:\WINDOWS\System32\Wbem;C:\WINDOWS\System32\WindowsPowerShell\v1.0\;C:\Program Files (x86)\Microsoft SQL Server\110\Tools\Binn\;C:\Program Files\Microsoft SQL Server\110\Tools\Binn\;C:\Program Files\Microsoft SQL Server\110\DTS\Binn\;C:\Program Files (x86)\Microsoft SQL Server\110\Tools\Binn\ManagementStudio\;C:\Program Files (x86)\Microsoft SQL Server\110\DTS\Binn\;C:\Program Files (x86)\Skype\Phone\;C:\Program Files\TortoiseGit\bin;C:\Program Files\Git\cmd;C:\Program Files\OpenVPN\bin;C:\Program Files\MongoDB 2.6 Standard\bin;C:\Program Files\PuTTY\;C:\Program Files (x86)\GtkSharp\2.12\bin;C:\Program Files\nodejs\;C:\xampp\php;C:\ProgramData\ComposerSetup\bin;C:\Users\Hafid\AppData\Local\Microsoft\WindowsApps;D:\STIMB\Aplikasi1-STIMB_STUDENT\lib_x64\opencv_java2411.dll;C:\apache-ant-1.10.1\bin;C:\Users\Hafid\AppData\Local\Android\sdk\tools;C:\Users\Hafid\AppData\Local\Android\sdk\platform-tools;C:\Users\Hafid\AppData\Roaming\npm;C:\Users\Hafid\AppData\Roaming\Composer\vendor\bin;C:\Program Files\Java\jdk1.8.0_101\bin;
USERNAME=Hafid
OS=Windows_NT
PROCESSOR_IDENTIFIER=Intel64 Family 6 Model 60 Stepping 3, GenuineIntel



---------------  S Y S T E M  ---------------

OS: Windows 10.0 , 64 bit Build 15063 (10.0.15063.296)

CPU:total 8 (4 cores per cpu, 2 threads per core) family 6 model 60 stepping 3, cmov, cx8, fxsr, mmx, sse, sse2, sse3, ssse3, sse4.1, sse4.2, popcnt, avx, avx2, aes, clmul, erms, lzcnt, ht, tsc, tscinvbit, bmi1, bmi2

Memory: 4k page, physical 12469228k(2376196k free), swap 15079976k(5144k free)

vm_info: Java HotSpot(TM) 64-Bit Server VM (25.101-b13) for windows-amd64 JRE (1.8.0_101-b13), built on Jun 22 2016 01:21:29 by "java_re" with MS VC++ 10.0 (VS2010)

time: Mon Jan 15 05:30:35 2018
elapsed time: 9512 seconds (0d 2h 38m 32s)

