#
# There is insufficient memory for the Java Runtime Environment to continue.
# Native memory allocation (malloc) failed to allocate 1425296 bytes for Chunk::new
# Possible reasons:
#   The system is out of physical RAM or swap space
#   In 32 bit mode, the process size limit was hit
# Possible solutions:
#   Reduce memory load on the system
#   Increase physical memory or swap space
#   Check if swap backing store is full
#   Use 64 bit Java on a 64 bit OS
#   Decrease Java heap size (-Xmx/-Xms)
#   Decrease number of Java threads
#   Decrease Java thread stack sizes (-Xss)
#   Set larger code cache with -XX:ReservedCodeCacheSize=
# This output file may be truncated or incomplete.
#
#  Out of Memory Error (allocation.cpp:390), pid=3908, tid=0x0000000000001404
#
# JRE version: Java(TM) SE Runtime Environment (8.0_101-b13) (build 1.8.0_101-b13)
# Java VM: Java HotSpot(TM) 64-Bit Server VM (25.101-b13 mixed mode windows-amd64 compressed oops)
# Failed to write core dump. Minidumps are not enabled by default on client versions of Windows
#

---------------  T H R E A D  ---------------

Current thread (0x0000000018b10800):  JavaThread "C2 CompilerThread1" daemon [_thread_in_native, id=5124, stack(0x00000000193d0000,0x00000000194d0000)]

Stack: [0x00000000193d0000,0x00000000194d0000]
[error occurred during error reporting (printing stack bounds), id 0xc0000005]

Native frames: (J=compiled Java code, j=interpreted, Vv=VM code, C=native code)


Current CompileTask:
C2:1732951 18412       4       org.gradle.api.internal.project.taskfactory.DefaultTaskClassValidatorExtractor$2::visitType (256 bytes)


---------------  P R O C E S S  ---------------

Java Threads: ( => current thread )
  0x0000000020675800 JavaThread "Stdin handler" [_thread_blocked, id=17232, stack(0x00000000296a0000,0x00000000297a0000)]
  0x0000000020675000 JavaThread "Asynchronous log dispatcher for DefaultDaemonConnection: socket connection from /127.0.0.1:64812 to /127.0.0.1:3229" [_thread_blocked, id=9808, stack(0x00000000295a0000,0x00000000296a0000)]
  0x000000002067b000 JavaThread "Daemon worker Thread 4" [_thread_in_Java, id=3648, stack(0x00000000294a0000,0x00000000295a0000)]
  0x000000002067a000 JavaThread "Cancel handler" [_thread_blocked, id=11076, stack(0x00000000293a0000,0x00000000294a0000)]
  0x0000000020678800 JavaThread "Handler for socket connection from /127.0.0.1:64812 to /127.0.0.1:3229" [_thread_in_native, id=22444, stack(0x00000000292a0000,0x00000000293a0000)]
  0x0000000020677000 JavaThread "Daemon Thread 4" [_thread_blocked, id=16396, stack(0x00000000291a0000,0x00000000292a0000)]
  0x000000001d8ca800 JavaThread "pool-6-thread-2" [_thread_blocked, id=11432, stack(0x00000000289a0000,0x0000000028aa0000)]
  0x000000001d8cc000 JavaThread "pool-6-thread-1" [_thread_blocked, id=15048, stack(0x0000000025cd0000,0x0000000025dd0000)]
  0x000000002067b800 JavaThread "pool-2-thread-1" [_thread_blocked, id=21876, stack(0x00000000229e0000,0x0000000022ae0000)]
  0x0000000020679800 JavaThread "File lock request listener" [_thread_in_native, id=18624, stack(0x00000000228e0000,0x00000000229e0000)]
  0x0000000018c5e000 JavaThread "Incoming local TCP Connector on port 64812" [_thread_in_native, id=9036, stack(0x000000001b6e0000,0x000000001b7e0000)]
  0x000000001a0c3000 JavaThread "pool-1-thread-1" [_thread_blocked, id=23156, stack(0x000000001b3e0000,0x000000001b4e0000)]
  0x0000000018ba4000 JavaThread "Service Thread" daemon [_thread_blocked, id=21288, stack(0x00000000196d0000,0x00000000197d0000)]
  0x0000000018b19800 JavaThread "C1 CompilerThread3" daemon [_thread_in_native, id=5560, stack(0x00000000195d0000,0x00000000196d0000)]
  0x0000000018b12800 JavaThread "C2 CompilerThread2" daemon [_thread_blocked, id=4700, stack(0x00000000194d0000,0x00000000195d0000)]
=>0x0000000018b10800 JavaThread "C2 CompilerThread1" daemon [_thread_in_native, id=5124, stack(0x00000000193d0000,0x00000000194d0000)]
  0x0000000018b0c000 JavaThread "C2 CompilerThread0" daemon [_thread_in_native, id=17236, stack(0x00000000192d0000,0x00000000193d0000)]
  0x0000000018b0b000 JavaThread "Attach Listener" daemon [_thread_blocked, id=2848, stack(0x00000000191d0000,0x00000000192d0000)]
  0x0000000018b08000 JavaThread "Signal Dispatcher" daemon [_thread_blocked, id=20304, stack(0x00000000190d0000,0x00000000191d0000)]
  0x0000000018b00800 JavaThread "Finalizer" daemon [_thread_blocked, id=24232, stack(0x0000000018ee0000,0x0000000018fe0000)]
  0x00000000019a9000 JavaThread "Reference Handler" daemon [_thread_blocked, id=24116, stack(0x00000000189e0000,0x0000000018ae0000)]
  0x000000000175e800 JavaThread "main" [_thread_blocked, id=10464, stack(0x00000000017b0000,0x00000000018b0000)]

Other Threads:
  0x0000000016bf9000 VMThread [stack: 0x00000000188e0000,0x00000000189e0000] [id=9836]
  0x0000000018bd0000 WatcherThread [stack: 0x00000000197d0000,0x00000000198d0000] [id=16304]

VM state:not at safepoint (normal execution)

VM Mutex/Monitor currently owned by a thread: None

Heap:
 PSYoungGen      total 366080K, used 61501K [0x00000000e0000000, 0x00000000fbb80000, 0x0000000100000000)
  eden space 300544K, 20% used [0x00000000e0000000,0x00000000e3c0f788,0x00000000f2580000)
  from space 65536K, 0% used [0x00000000f2580000,0x00000000f2580000,0x00000000f6580000)
  to   space 49152K, 0% used [0x00000000f6580000,0x00000000f6580000,0x00000000f9580000)
 ParOldGen       total 209920K, used 49576K [0x00000000a0000000, 0x00000000acd00000, 0x00000000e0000000)
  object space 209920K, 23% used [0x00000000a0000000,0x00000000a306a220,0x00000000acd00000)
 Metaspace       used 67990K, capacity 70604K, committed 72536K, reserved 1112064K
  class space    used 8616K, capacity 9047K, committed 9344K, reserved 1048576K

Card table byte_map: [0x0000000012400000,0x0000000012710000] byte_map_base: 0x0000000011f00000

Marking Bits: (ParMarkBitMap*) 0x000000007734a6d0
 Begin Bits: [0x0000000012f10000, 0x0000000014710000)
 End Bits:   [0x0000000014710000, 0x0000000015f10000)

Polling page: 0x0000000001270000

CodeCache: size=245760Kb used=50463Kb max_used=54443Kb free=195296Kb
 bounds [0x0000000003400000, 0x0000000006970000, 0x0000000012400000]
 total_blobs=14791 nmethods=14001 adapters=700
 compilation: enabled

Compilation events (10 events):
Event: 1732.787 Thread 0x0000000018b19800 nmethod 18474 0x00000000052bc310 code [0x00000000052bc4a0, 0x00000000052bc888]
Event: 1732.787 Thread 0x0000000018b19800 18475       3       org.gradle.api.internal.artifacts.repositories.transport.RepositoryTransportFactory::createTransport (97 bytes)
Event: 1732.788 Thread 0x0000000018b19800 nmethod 18475 0x00000000054b13d0 code [0x00000000054b1620, 0x00000000054b22b8]
Event: 1732.800 Thread 0x0000000018b19800 18477       1       com.android.build.gradle.internal.scope.VariantScopeImpl::getRenderscriptCompileTask (5 bytes)
Event: 1732.800 Thread 0x0000000018b19800 nmethod 18477 0x00000000050c0c50 code [0x00000000050c0da0, 0x00000000050c0eb0]
Event: 1732.801 Thread 0x0000000018b19800 18478       1       com.android.build.gradle.internal.scope.VariantOutputScope::getVariantOutputData (5 bytes)
Event: 1732.801 Thread 0x0000000018b19800 nmethod 18478 0x00000000050c0950 code [0x00000000050c0aa0, 0x00000000050c0bb0]
Event: 1732.802 Thread 0x0000000018b12800 18479       4       java.util.RegularEnumSet::iterator (9 bytes)
Event: 1732.804 Thread 0x0000000018b12800 nmethod 18479 0x0000000005213090 code [0x00000000052131e0, 0x00000000052132b8]
Event: 1732.806 Thread 0x0000000018b12800 18480       4       com.google.common.collect.SingletonImmutableSet::iterator (5 bytes)

GC Heap History (10 events):
Event: 1127.151 GC heap before
{Heap before GC invocations=19 (full 3):
 PSYoungGen      total 243712K, used 195786K [0x00000000e0000000, 0x00000000f6c80000, 0x0000000100000000)
  eden space 190464K, 100% used [0x00000000e0000000,0x00000000eba00000,0x00000000eba00000)
  from space 53248K, 9% used [0x00000000eba00000,0x00000000ebf32b10,0x00000000eee00000)
  to   space 52736K, 0% used [0x00000000f3900000,0x00000000f3900000,0x00000000f6c80000)
 ParOldGen       total 209920K, used 118916K [0x00000000a0000000, 0x00000000acd00000, 0x00000000e0000000)
  object space 209920K, 56% used [0x00000000a0000000,0x00000000a74211f0,0x00000000acd00000)
 Metaspace       used 67777K, capacity 70114K, committed 70360K, reserved 1110016K
  class space    used 8662K, capacity 9090K, committed 9216K, reserved 1048576K
Event: 1127.159 GC heap after
Heap after GC invocations=19 (full 3):
 PSYoungGen      total 306176K, used 2535K [0x00000000e0000000, 0x00000000f6580000, 0x0000000100000000)
  eden space 260608K, 0% used [0x00000000e0000000,0x00000000e0000000,0x00000000efe80000)
  from space 45568K, 5% used [0x00000000f3900000,0x00000000f3b79de8,0x00000000f6580000)
  to   space 52736K, 0% used [0x00000000efe80000,0x00000000efe80000,0x00000000f3200000)
 ParOldGen       total 209920K, used 120352K [0x00000000a0000000, 0x00000000acd00000, 0x00000000e0000000)
  object space 209920K, 57% used [0x00000000a0000000,0x00000000a7588068,0x00000000acd00000)
 Metaspace       used 67777K, capacity 70114K, committed 70360K, reserved 1110016K
  class space    used 8662K, capacity 9090K, committed 9216K, reserved 1048576K
}
Event: 1344.068 GC heap before
{Heap before GC invocations=20 (full 3):
 PSYoungGen      total 306176K, used 263143K [0x00000000e0000000, 0x00000000f6580000, 0x0000000100000000)
  eden space 260608K, 100% used [0x00000000e0000000,0x00000000efe80000,0x00000000efe80000)
  from space 45568K, 5% used [0x00000000f3900000,0x00000000f3b79de8,0x00000000f6580000)
  to   space 52736K, 0% used [0x00000000efe80000,0x00000000efe80000,0x00000000f3200000)
 ParOldGen       total 209920K, used 120352K [0x00000000a0000000, 0x00000000acd00000, 0x00000000e0000000)
  object space 209920K, 57% used [0x00000000a0000000,0x00000000a7588068,0x00000000acd00000)
 Metaspace       used 68472K, capacity 71030K, committed 71128K, reserved 1112064K
  class space    used 8705K, capacity 9152K, committed 9216K, reserved 1048576K
Event: 1344.096 GC heap after
Heap after GC invocations=20 (full 3):
 PSYoungGen      total 313344K, used 18088K [0x00000000e0000000, 0x00000000f9580000, 0x0000000100000000)
  eden space 260608K, 0% used [0x00000000e0000000,0x00000000e0000000,0x00000000efe80000)
  from space 52736K, 34% used [0x00000000efe80000,0x00000000f102a298,0x00000000f3200000)
  to   space 49152K, 0% used [0x00000000f6580000,0x00000000f6580000,0x00000000f9580000)
 ParOldGen       total 209920K, used 121320K [0x00000000a0000000, 0x00000000acd00000, 0x00000000e0000000)
  object space 209920K, 57% used [0x00000000a0000000,0x00000000a767a088,0x00000000acd00000)
 Metaspace       used 68472K, capacity 71030K, committed 71128K, reserved 1112064K
  class space    used 8705K, capacity 9152K, committed 9216K, reserved 1048576K
}
Event: 1348.540 GC heap before
{Heap before GC invocations=21 (full 3):
 PSYoungGen      total 313344K, used 278696K [0x00000000e0000000, 0x00000000f9580000, 0x0000000100000000)
  eden space 260608K, 100% used [0x00000000e0000000,0x00000000efe80000,0x00000000efe80000)
  from space 52736K, 34% used [0x00000000efe80000,0x00000000f102a298,0x00000000f3200000)
  to   space 49152K, 0% used [0x00000000f6580000,0x00000000f6580000,0x00000000f9580000)
 ParOldGen       total 209920K, used 121320K [0x00000000a0000000, 0x00000000acd00000, 0x00000000e0000000)
  object space 209920K, 57% used [0x00000000a0000000,0x00000000a767a088,0x00000000acd00000)
 Metaspace       used 69494K, capacity 72104K, committed 72280K, reserved 1112064K
  class space    used 8799K, capacity 9257K, committed 9344K, reserved 1048576K
Event: 1348.614 GC heap after
Heap after GC invocations=21 (full 3):
 PSYoungGen      total 349696K, used 49127K [0x00000000e0000000, 0x00000000fbb80000, 0x0000000100000000)
  eden space 300544K, 0% used [0x00000000e0000000,0x00000000e0000000,0x00000000f2580000)
  from space 49152K, 99% used [0x00000000f6580000,0x00000000f9579f78,0x00000000f9580000)
  to   space 65536K, 0% used [0x00000000f2580000,0x00000000f2580000,0x00000000f6580000)
 ParOldGen       total 209920K, used 143098K [0x00000000a0000000, 0x00000000acd00000, 0x00000000e0000000)
  object space 209920K, 68% used [0x00000000a0000000,0x00000000a8bbe8b8,0x00000000acd00000)
 Metaspace       used 69494K, capacity 72104K, committed 72280K, reserved 1112064K
  class space    used 8799K, capacity 9257K, committed 9344K, reserved 1048576K
}
Event: 1731.843 GC heap before
{Heap before GC invocations=22 (full 3):
 PSYoungGen      total 349696K, used 349671K [0x00000000e0000000, 0x00000000fbb80000, 0x0000000100000000)
  eden space 300544K, 100% used [0x00000000e0000000,0x00000000f2580000,0x00000000f2580000)
  from space 49152K, 99% used [0x00000000f6580000,0x00000000f9579f78,0x00000000f9580000)
  to   space 65536K, 0% used [0x00000000f2580000,0x00000000f2580000,0x00000000f6580000)
 ParOldGen       total 209920K, used 143098K [0x00000000a0000000, 0x00000000acd00000, 0x00000000e0000000)
  object space 209920K, 68% used [0x00000000a0000000,0x00000000a8bbe8b8,0x00000000acd00000)
 Metaspace       used 69774K, capacity 72460K, committed 72536K, reserved 1112064K
  class space    used 8814K, capacity 9277K, committed 9344K, reserved 1048576K
Event: 1731.875 GC heap after
Heap after GC invocations=22 (full 3):
 PSYoungGen      total 366080K, used 3263K [0x00000000e0000000, 0x00000000fbb80000, 0x0000000100000000)
  eden space 300544K, 0% used [0x00000000e0000000,0x00000000e0000000,0x00000000f2580000)
  from space 65536K, 4% used [0x00000000f2580000,0x00000000f28afdd0,0x00000000f6580000)
  to   space 49152K, 0% used [0x00000000f6580000,0x00000000f6580000,0x00000000f9580000)
 ParOldGen       total 209920K, used 191942K [0x00000000a0000000, 0x00000000acd00000, 0x00000000e0000000)
  object space 209920K, 91% used [0x00000000a0000000,0x00000000abb71868,0x00000000acd00000)
 Metaspace       used 69774K, capacity 72460K, committed 72536K, reserved 1112064K
  class space    used 8814K, capacity 9277K, committed 9344K, reserved 1048576K
}
Event: 1731.875 GC heap before
{Heap before GC invocations=23 (full 4):
 PSYoungGen      total 366080K, used 3263K [0x00000000e0000000, 0x00000000fbb80000, 0x0000000100000000)
  eden space 300544K, 0% used [0x00000000e0000000,0x00000000e0000000,0x00000000f2580000)
  from space 65536K, 4% used [0x00000000f2580000,0x00000000f28afdd0,0x00000000f6580000)
  to   space 49152K, 0% used [0x00000000f6580000,0x00000000f6580000,0x00000000f9580000)
 ParOldGen       total 209920K, used 191942K [0x00000000a0000000, 0x00000000acd00000, 0x00000000e0000000)
  object space 209920K, 91% used [0x00000000a0000000,0x00000000abb71868,0x00000000acd00000)
 Metaspace       used 69774K, capacity 72460K, committed 72536K, reserved 1112064K
  class space    used 8814K, capacity 9277K, committed 9344K, reserved 1048576K
Event: 1731.977 GC heap after
Heap after GC invocations=23 (full 4):
 PSYoungGen      total 366080K, used 0K [0x00000000e0000000, 0x00000000fbb80000, 0x0000000100000000)
  eden space 300544K, 0% used [0x00000000e0000000,0x00000000e0000000,0x00000000f2580000)
  from space 65536K, 0% used [0x00000000f2580000,0x00000000f2580000,0x00000000f6580000)
  to   space 49152K, 0% used [0x00000000f6580000,0x00000000f6580000,0x00000000f9580000)
 ParOldGen       total 209920K, used 49576K [0x00000000a0000000, 0x00000000acd00000, 0x00000000e0000000)
  object space 209920K, 23% used [0x00000000a0000000,0x00000000a306a220,0x00000000acd00000)
 Metaspace       used 67846K, capacity 70350K, committed 72536K, reserved 1112064K
  class space    used 8604K, capacity 9026K, committed 9344K, reserved 1048576K
}

Deoptimization events (10 events):
Event: 1349.163 Thread 0x000000001d8ca800 Uncommon trap: reason=predicate action=maybe_recompile pc=0x000000000511dab0 method=java.util.TimSort.binarySort([Ljava/lang/Object;IIILjava/util/Comparator;)V @ 37
Event: 1349.267 Thread 0x0000000020678800 Uncommon trap: reason=class_check action=maybe_recompile pc=0x0000000005eb3ce4 method=com.android.dx.cf.code.BytecodeArray.parseInstruction(ILcom/android/dx/cf/code/BytecodeArray$Visitor;)I @ 2225
Event: 1349.267 Thread 0x0000000020678800 Uncommon trap: reason=class_check action=maybe_recompile pc=0x0000000005eb3ce4 method=com.android.dx.cf.code.BytecodeArray.parseInstruction(ILcom/android/dx/cf/code/BytecodeArray$Visitor;)I @ 2225
Event: 1349.268 Thread 0x0000000020678800 Uncommon trap: reason=unstable_if action=reinterpret pc=0x0000000005e42d1c method=com.android.dx.ssa.SsaRenamer$BlockRenamer.visitMoveInsn(Lcom/android/dx/ssa/NormalSsaInsn;)V @ 104
Event: 1349.309 Thread 0x000000001d8ca800 Uncommon trap: reason=unstable_if action=reinterpret pc=0x00000000067c9508 method=com.android.dx.cf.attrib.AttConstantValue.<init>(Lcom/android/dx/rop/cst/TypedConstant;)V @ 10
Event: 1349.348 Thread 0x0000000020678800 Uncommon trap: reason=unstable_if action=reinterpret pc=0x00000000067a7758 method=com.android.dx.util.IntList.sort()V @ 8
Event: 1349.691 Thread 0x000000001d8ca800 Uncommon trap: reason=unstable_if action=reinterpret pc=0x0000000005baabb4 method=java.util.Formatter$FormatSpecifier.precision(Ljava/lang/String;)I @ 6
Event: 1349.838 Thread 0x000000001d8c3800 Uncommon trap: reason=bimorphic action=maybe_recompile pc=0x00000000042702a8 method=java.io.DataInputStream.readUnsignedShort()I @ 4
Event: 1349.838 Thread 0x000000001d8c3800 Uncommon trap: reason=bimorphic action=maybe_recompile pc=0x00000000042702a8 method=java.io.DataInputStream.readUnsignedShort()I @ 4
Event: 1732.431 Thread 0x000000002067b000 Uncommon trap: reason=class_check action=maybe_recompile pc=0x0000000004eb0b18 method=com.google.common.collect.AbstractMapBasedMultimap.iteratorOrListIterator(Ljava/util/Collection;)Ljava/util/Iterator; @ 1

Internal exceptions (10 events):
Event: 1732.422 Thread 0x000000002067b000 Exception <a 'sun/nio/fs/WindowsException'> (0x00000000e1da7a18) thrown at [C:\re\workspace\8-2-build-windows-amd64-cygwin\jdk8u101\7261\hotspot\src\share\vm\prims\jni.cpp, line 709]
Event: 1732.422 Thread 0x000000002067b000 Exception <a 'sun/nio/fs/WindowsException'> (0x00000000e1da8638) thrown at [C:\re\workspace\8-2-build-windows-amd64-cygwin\jdk8u101\7261\hotspot\src\share\vm\prims\jni.cpp, line 709]
Event: 1732.422 Thread 0x000000002067b000 Exception <a 'sun/nio/fs/WindowsException'> (0x00000000e1daafe0) thrown at [C:\re\workspace\8-2-build-windows-amd64-cygwin\jdk8u101\7261\hotspot\src\share\vm\prims\jni.cpp, line 709]
Event: 1732.422 Thread 0x000000002067b000 Exception <a 'sun/nio/fs/WindowsException'> (0x00000000e1dabc38) thrown at [C:\re\workspace\8-2-build-windows-amd64-cygwin\jdk8u101\7261\hotspot\src\share\vm\prims\jni.cpp, line 709]
Event: 1732.422 Thread 0x000000002067b000 Exception <a 'sun/nio/fs/WindowsException'> (0x00000000e1dad8c8) thrown at [C:\re\workspace\8-2-build-windows-amd64-cygwin\jdk8u101\7261\hotspot\src\share\vm\prims\jni.cpp, line 709]
Event: 1732.422 Thread 0x000000002067b000 Exception <a 'sun/nio/fs/WindowsException'> (0x00000000e1dae560) thrown at [C:\re\workspace\8-2-build-windows-amd64-cygwin\jdk8u101\7261\hotspot\src\share\vm\prims\jni.cpp, line 709]
Event: 1732.428 Thread 0x000000002067b000 Exception <a 'sun/nio/fs/WindowsException'> (0x00000000e1db1730) thrown at [C:\re\workspace\8-2-build-windows-amd64-cygwin\jdk8u101\7261\hotspot\src\share\vm\prims\jni.cpp, line 709]
Event: 1732.428 Thread 0x000000002067b000 Exception <a 'sun/nio/fs/WindowsException'> (0x00000000e1db2248) thrown at [C:\re\workspace\8-2-build-windows-amd64-cygwin\jdk8u101\7261\hotspot\src\share\vm\prims\jni.cpp, line 709]
Event: 1732.428 Thread 0x000000002067b000 Exception <a 'sun/nio/fs/WindowsException'> (0x00000000e1db3d98) thrown at [C:\re\workspace\8-2-build-windows-amd64-cygwin\jdk8u101\7261\hotspot\src\share\vm\prims\jni.cpp, line 709]
Event: 1732.428 Thread 0x000000002067b000 Exception <a 'sun/nio/fs/WindowsException'> (0x00000000e1db48f0) thrown at [C:\re\workspace\8-2-build-windows-amd64-cygwin\jdk8u101\7261\hotspot\src\share\vm\prims\jni.cpp, line 709]

Events (10 events):
Event: 1732.651 Thread 0x0000000018b19800 flushing nmethod 0x00000000063e0590
Event: 1732.651 Thread 0x0000000018b19800 flushing nmethod 0x00000000063e0850
Event: 1732.651 Thread 0x0000000018b19800 flushing nmethod 0x00000000063e1390
Event: 1732.651 Thread 0x0000000018b19800 flushing nmethod 0x00000000063e1650
Event: 1732.651 Thread 0x0000000018b19800 flushing nmethod 0x00000000063e2650
Event: 1732.651 Thread 0x0000000018b19800 flushing nmethod 0x00000000063e2910
Event: 1732.651 Thread 0x0000000018b19800 flushing nmethod 0x0000000006418ad0
Event: 1732.651 Thread 0x0000000018b19800 flushing nmethod 0x000000000643bd50
Event: 1732.651 Thread 0x0000000018b19800 flushing nmethod 0x000000000645bad0
Event: 1732.651 Thread 0x0000000018b19800 flushing nmethod 0x00000000064a1290


Dynamic libraries:
0x00007ff6b24e0000 - 0x00007ff6b2517000 	C:\Program Files\Java\jdk1.8.0_101\bin\java.exe
0x00007ffe413b0000 - 0x00007ffe4158b000 	C:\WINDOWS\SYSTEM32\ntdll.dll
0x00007ffe3ebc0000 - 0x00007ffe3ec6e000 	C:\WINDOWS\System32\KERNEL32.DLL
0x00007ffe3e310000 - 0x00007ffe3e559000 	C:\WINDOWS\System32\KERNELBASE.dll
0x00007ffe3f5f0000 - 0x00007ffe3f691000 	C:\WINDOWS\System32\ADVAPI32.dll
0x00007ffe3fd50000 - 0x00007ffe3fded000 	C:\WINDOWS\System32\msvcrt.dll
0x00007ffe3eda0000 - 0x00007ffe3edf9000 	C:\WINDOWS\System32\sechost.dll
0x00007ffe3ec70000 - 0x00007ffe3ed95000 	C:\WINDOWS\System32\RPCRT4.dll
0x00007ffe3f810000 - 0x00007ffe3f95a000 	C:\WINDOWS\System32\USER32.dll
0x00007ffe3e560000 - 0x00007ffe3e57e000 	C:\WINDOWS\System32\win32u.dll
0x00007ffe3fd20000 - 0x00007ffe3fd47000 	C:\WINDOWS\System32\GDI32.dll
0x00007ffe3d8d0000 - 0x00007ffe3da57000 	C:\WINDOWS\System32\gdi32full.dll
0x00007ffe3e210000 - 0x00007ffe3e2aa000 	C:\WINDOWS\System32\msvcp_win.dll
0x00007ffe3e5d0000 - 0x00007ffe3e6c6000 	C:\WINDOWS\System32\ucrtbase.dll
0x00007ffe322b0000 - 0x00007ffe32517000 	C:\WINDOWS\WinSxS\amd64_microsoft.windows.common-controls_6595b64144ccf1df_6.0.15063.483_none_26002d27e7c744a2\COMCTL32.dll
0x00007ffe3f960000 - 0x00007ffe3fc59000 	C:\WINDOWS\System32\combase.dll
0x00007ffe3e8a0000 - 0x00007ffe3e90a000 	C:\WINDOWS\System32\bcryptPrimitives.dll
0x00007ffe3eab0000 - 0x00007ffe3eadd000 	C:\WINDOWS\System32\IMM32.DLL
0x0000000050040000 - 0x0000000050112000 	C:\Program Files\Java\jdk1.8.0_101\jre\bin\msvcr100.dll
0x0000000076b30000 - 0x00000000773ca000 	C:\Program Files\Java\jdk1.8.0_101\jre\bin\server\jvm.dll
0x00007ffe3eeb0000 - 0x00007ffe3eeb8000 	C:\WINDOWS\System32\PSAPI.DLL
0x00007ffe279c0000 - 0x00007ffe279c9000 	C:\WINDOWS\SYSTEM32\WSOCK32.dll
0x00007ffe39c50000 - 0x00007ffe39c73000 	C:\WINDOWS\SYSTEM32\WINMM.dll
0x00007ffe34b00000 - 0x00007ffe34b0a000 	C:\WINDOWS\SYSTEM32\VERSION.dll
0x00007ffe3eb50000 - 0x00007ffe3ebbc000 	C:\WINDOWS\System32\WS2_32.dll
0x00007ffe39b10000 - 0x00007ffe39b3b000 	C:\WINDOWS\SYSTEM32\winmmbase.dll
0x00007ffe3e580000 - 0x00007ffe3e5c9000 	C:\WINDOWS\System32\cfgmgr32.dll
0x00000000503a0000 - 0x00000000503af000 	C:\Program Files\Java\jdk1.8.0_101\jre\bin\verify.dll
0x0000000076b00000 - 0x0000000076b29000 	C:\Program Files\Java\jdk1.8.0_101\jre\bin\java.dll
0x0000000050380000 - 0x0000000050396000 	C:\Program Files\Java\jdk1.8.0_101\jre\bin\zip.dll
0x00007ffe3fe50000 - 0x00007ffe41287000 	C:\WINDOWS\System32\SHELL32.dll
0x00007ffe3ee00000 - 0x00007ffe3eeaa000 	C:\WINDOWS\System32\shcore.dll
0x00007ffe3db10000 - 0x00007ffe3e201000 	C:\WINDOWS\System32\windows.storage.dll
0x00007ffe3eec0000 - 0x00007ffe3ef11000 	C:\WINDOWS\System32\shlwapi.dll
0x00007ffe3d870000 - 0x00007ffe3d881000 	C:\WINDOWS\System32\kernel.appcore.dll
0x00007ffe3d820000 - 0x00007ffe3d86c000 	C:\WINDOWS\System32\powrprof.dll
0x00007ffe3d890000 - 0x00007ffe3d8a5000 	C:\WINDOWS\System32\profapi.dll
0x00000000501e0000 - 0x00000000501fa000 	C:\Program Files\Java\jdk1.8.0_101\jre\bin\net.dll
0x00007ffe2ff90000 - 0x00007ffe2ffb0000 	C:\WINDOWS\system32\PrxerDrv.dll
0x00007ffe3d130000 - 0x00007ffe3d18c000 	C:\WINDOWS\system32\mswsock.dll
0x0000000076ae0000 - 0x0000000076af1000 	C:\Program Files\Java\jdk1.8.0_101\jre\bin\nio.dll
0x00007ffe1fe20000 - 0x00007ffe1fe3e000 	C:\Users\Hafid\.gradle\native\23\windows-amd64\native-platform.dll
0x00007ffe3d2d0000 - 0x00007ffe3d2e7000 	C:\WINDOWS\SYSTEM32\CRYPTSP.dll
0x00007ffe3cd50000 - 0x00007ffe3cd84000 	C:\WINDOWS\system32\rsaenh.dll
0x00007ffe3d3e0000 - 0x00007ffe3d405000 	C:\WINDOWS\SYSTEM32\bcrypt.dll
0x00007ffe3d720000 - 0x00007ffe3d749000 	C:\WINDOWS\SYSTEM32\USERENV.dll
0x00007ffe3d2f0000 - 0x00007ffe3d2fb000 	C:\WINDOWS\SYSTEM32\CRYPTBASE.dll
0x00007ffe3ced0000 - 0x00007ffe3cf07000 	C:\WINDOWS\SYSTEM32\IPHLPAPI.DLL
0x00007ffe41290000 - 0x00007ffe41298000 	C:\WINDOWS\System32\NSI.dll
0x00007ffe380d0000 - 0x00007ffe380e6000 	C:\WINDOWS\SYSTEM32\dhcpcsvc6.DLL
0x00007ffe38750000 - 0x00007ffe3876a000 	C:\WINDOWS\SYSTEM32\dhcpcsvc.DLL
0x0000000076890000 - 0x000000007689d000 	C:\Program Files\Java\jdk1.8.0_101\jre\bin\management.dll
0x0000000075ee0000 - 0x0000000075f04000 	C:\Program Files\Java\jdk1.8.0_101\jre\bin\sunec.dll
0x0000000075ed0000 - 0x0000000075edb000 	C:\Program Files\Java\jdk1.8.0_101\jre\bin\sunmscapi.dll
0x00007ffe3e6d0000 - 0x00007ffe3e899000 	C:\WINDOWS\System32\CRYPT32.dll
0x00007ffe3d8b0000 - 0x00007ffe3d8c1000 	C:\WINDOWS\System32\MSASN1.dll

VM Arguments:
jvm_args: -Xmx1536m -Dfile.encoding=windows-1252 -Duser.country=US -Duser.language=en -Duser.variant 
java_command: org.gradle.launcher.daemon.bootstrap.GradleDaemon 3.3
java_class_path (initial): C:\Users\Hafid\.gradle\wrapper\dists\gradle-3.3-all\55gk2rcmfc6p2dg9u9ohc3hw9\gradle-3.3\lib\gradle-launcher-3.3.jar
Launcher Type: SUN_STANDARD

Environment Variables:
JAVA_HOME=C:\Program Files\Java\jdk1.8.0_101\bin
PATH=C:\Program Files (x86)\Python36-32\Scripts\;C:\Program Files (x86)\Python36-32\;C:\Program Files (x86)\Common Files\Intel\Shared Libraries\redist\intel64_win\mpirt;C:\Program Files (x86)\Common Files\Intel\Shared Libraries\redist\ia32_win\mpirt;C:\Program Files (x86)\Common Files\Intel\Shared Libraries\redist\intel64_win\compiler;C:\Program Files (x86)\Common Files\Intel\Shared Libraries\redist\ia32_win\compiler;C:\ProgramData\Oracle\Java\javapath;C:\Program Files\NVIDIA GPU Computing Toolkit\CUDA\v7.5\bin;C:\Program Files\NVIDIA GPU Computing Toolkit\CUDA\v7.5\libnvvp;C:\WINDOWS\system32;C:\WINDOWS;C:\WINDOWS\System32\Wbem;C:\WINDOWS\System32\WindowsPowerShell\v1.0\;C:\Program Files (x86)\Windows Kits\10\Windows Performance Toolkit\;C:\Program Files\Microsoft SQL Server\120\Tools\Binn\;C:\Program Files (x86)\NVIDIA Corporation\PhysX\Common;C:\WINDOWS\system32;C:\WINDOWS;C:\WINDOWS\System32\Wbem;C:\WINDOWS\System32\WindowsPowerShell\v1.0\;C:\Program Files (x86)\Microsoft SQL Server\110\Tools\Binn\;C:\Program Files\Microsoft SQL Server\110\Tools\Binn\;C:\Program Files\Microsoft SQL Server\110\DTS\Binn\;C:\Program Files (x86)\Microsoft SQL Server\110\Tools\Binn\ManagementStudio\;C:\Program Files (x86)\Microsoft SQL Server\110\DTS\Binn\;C:\Program Files (x86)\Skype\Phone\;C:\Program Files\TortoiseGit\bin;C:\Program Files\Git\cmd;C:\Program Files\OpenVPN\bin;C:\Program Files\MongoDB 2.6 Standard\bin;C:\Program Files\PuTTY\;C:\Program Files (x86)\GtkSharp\2.12\bin;C:\Program Files\nodejs\;C:\xampp\php;C:\ProgramData\ComposerSetup\bin;C:\Users\Hafid\AppData\Local\Microsoft\WindowsApps;D:\STIMB\Aplikasi1-STIMB_STUDENT\lib_x64\opencv_java2411.dll;C:\apache-ant-1.10.1\bin;C:\Users\Hafid\AppData\Local\Android\sdk\tools;C:\Users\Hafid\AppData\Local\Android\sdk\platform-tools;C:\Users\Hafid\AppData\Roaming\npm;C:\Users\Hafid\AppData\Roaming\Composer\vendor\bin;C:\Program Files\Java\jdk1.8.0_101\bin;
USERNAME=Hafid
OS=Windows_NT
PROCESSOR_IDENTIFIER=Intel64 Family 6 Model 60 Stepping 3, GenuineIntel



---------------  S Y S T E M  ---------------

OS: Windows 10.0 , 64 bit Build 15063 (10.0.15063.296)

CPU:total 8 (4 cores per cpu, 2 threads per core) family 6 model 60 stepping 3, cmov, cx8, fxsr, mmx, sse, sse2, sse3, ssse3, sse4.1, sse4.2, popcnt, avx, avx2, aes, clmul, erms, lzcnt, ht, tsc, tscinvbit, bmi1, bmi2

Memory: 4k page, physical 12469228k(1843208k free), swap 15119860k(4312k free)

vm_info: Java HotSpot(TM) 64-Bit Server VM (25.101-b13) for windows-amd64 JRE (1.8.0_101-b13), built on Jun 22 2016 01:21:29 by "java_re" with MS VC++ 10.0 (VS2010)

time: Mon Jan 15 02:11:23 2018
elapsed time: 1732 seconds (0d 0h 28m 52s)

